#Packing pin usage report
Type: io
	Input Pin Usage:
		Max: 1.00 (1.00)
		Avg: 0.22 (0.22)
		Min: 0.00 (0.00)
		Histogram:
		[        0:      0.1) 29 ( 78.4%) |************************************************
		[      0.1:      0.2)  0 (  0.0%) |
		[      0.2:      0.3)  0 (  0.0%) |
		[      0.3:      0.4)  0 (  0.0%) |
		[      0.4:      0.5)  0 (  0.0%) |
		[      0.5:      0.6)  0 (  0.0%) |
		[      0.6:      0.7)  0 (  0.0%) |
		[      0.7:      0.8)  0 (  0.0%) |
		[      0.8:      0.9)  0 (  0.0%) |
		[      0.9:        1)  8 ( 21.6%) |*************
	Output Pin Usage:
		Max: 1.00 (1.00)
		Avg: 0.78 (0.78)
		Min: 0.00 (0.00)
		Histogram:
		[        0:      0.1)  8 ( 21.6%) |*************
		[      0.1:      0.2)  0 (  0.0%) |
		[      0.2:      0.3)  0 (  0.0%) |
		[      0.3:      0.4)  0 (  0.0%) |
		[      0.4:      0.5)  0 (  0.0%) |
		[      0.5:      0.6)  0 (  0.0%) |
		[      0.6:      0.7)  0 (  0.0%) |
		[      0.7:      0.8)  0 (  0.0%) |
		[      0.8:      0.9)  0 (  0.0%) |
		[      0.9:        1) 29 ( 78.4%) |************************************************

Type: clb
	Input Pin Usage:
		Max: 28.00 (0.67)
		Avg: 15.01 (0.36)
		Min: 2.00 (0.05)
		Histogram:
		[        0:      4.2) 11 ( 12.2%) |***********
		[      4.2:      8.4)  0 (  0.0%) |
		[      8.4:       13)  4 (  4.4%) |****
		[       13:       17) 46 ( 51.1%) |************************************************
		[       17:       21) 18 ( 20.0%) |*******************
		[       21:       25)  6 (  6.7%) |******
		[       25:       29)  5 (  5.6%) |*****
		[       29:       34)  0 (  0.0%) |
		[       34:       38)  0 (  0.0%) |
		[       38:       42)  0 (  0.0%) |
	Output Pin Usage:
		Max: 10.00 (0.48)
		Avg: 3.72 (0.18)
		Min: 1.00 (0.05)
		Histogram:
		[        0:      2.1) 21 ( 23.3%) |************************
		[      2.1:      4.2) 42 ( 46.7%) |************************************************
		[      4.2:      6.3) 20 ( 22.2%) |***********************
		[      6.3:      8.4)  3 (  3.3%) |***
		[      8.4:       10)  4 (  4.4%) |*****
		[       10:       13)  0 (  0.0%) |
		[       13:       15)  0 (  0.0%) |
		[       15:       17)  0 (  0.0%) |
		[       17:       19)  0 (  0.0%) |
		[       19:       21)  0 (  0.0%) |

