#Timing report of worst 2 path(s)
# Unit scale: 1e-09 seconds
# Output precision: 3

#Path 1
Startpoint: out.Q[0] (.latch clocked by clock)
Endpoint  : out:out.outpad[0] (.output clocked by clock)
Path Type : setup

Point                                                             Incr      Path
--------------------------------------------------------------------------------
clock clock (rise edge)                                          0.000     0.000
clock source latency                                             0.000     0.000
clock.inpad[0] (.input)                                          0.000     0.000
out.clk[0] (.latch)                                              0.429     0.429
out.Q[0] (.latch) [clock-to-output]                              0.124     0.553
out:out.outpad[0] (.output)                                      0.512     1.066
data arrival time                                                          1.066

clock clock (rise edge)                                          0.000     0.000
clock source latency                                             0.000     0.000
clock uncertainty                                                0.000     0.000
output external delay                                            0.000     0.000
data required time                                                         0.000
--------------------------------------------------------------------------------
data required time                                                         0.000
data arrival time                                                         -1.066
--------------------------------------------------------------------------------
slack (VIOLATED)                                                          -1.066


#Path 2
Startpoint: in.inpad[0] (.input clocked by clock)
Endpoint  : out.D[0] (.latch clocked by clock)
Path Type : setup

Point                                                             Incr      Path
--------------------------------------------------------------------------------
clock clock (rise edge)                                          0.000     0.000
clock source latency                                             0.000     0.000
input external delay                                             0.000     0.000
in.inpad[0] (.input)                                             0.000     0.000
out.D[0] (.latch)                                                0.534     0.534
data arrival time                                                          0.534

clock clock (rise edge)                                          0.000     0.000
clock source latency                                             0.000     0.000
clock.inpad[0] (.input)                                          0.000     0.000
out.clk[0] (.latch)                                              0.429     0.429
clock uncertainty                                                0.000     0.429
cell setup time                                                 -0.066     0.363
data required time                                                         0.363
--------------------------------------------------------------------------------
data required time                                                         0.363
data arrival time                                                         -0.534
--------------------------------------------------------------------------------
slack (VIOLATED)                                                          -0.171


#End of timing report
