#Timing report of worst 9 path(s)
# Unit scale: 1e-09 seconds
# Output precision: 3

#Path 1
Startpoint: a[7].inpad[0] (.input clocked by virtual_io_clock)
Endpoint  : out:cout.outpad[0] (.output clocked by virtual_io_clock)
Path Type : hold

Point                                                             Incr      Path
--------------------------------------------------------------------------------
clock virtual_io_clock (rise edge)                               0.000     0.000
clock source latency                                             0.000     0.000
input external delay                                             0.000     0.000
a[7].inpad[0] (.input)                                           0.000     0.000
cout.in[2] (.names)                                              0.199     0.199
cout.out[0] (.names)                                             0.261     0.460
out:cout.outpad[0] (.output)                                     0.199     0.658
data arrival time                                                          0.658

clock virtual_io_clock (rise edge)                               0.000     0.000
clock source latency                                             0.000     0.000
clock uncertainty                                                0.000     0.000
output external delay                                            0.000     0.000
data required time                                                         0.000
--------------------------------------------------------------------------------
data required time                                                        -0.000
data arrival time                                                          0.658
--------------------------------------------------------------------------------
slack (MET)                                                                0.658


#Path 2
Startpoint: b[3].inpad[0] (.input clocked by virtual_io_clock)
Endpoint  : out:sum[4].outpad[0] (.output clocked by virtual_io_clock)
Path Type : hold

Point                                                             Incr      Path
--------------------------------------------------------------------------------
clock virtual_io_clock (rise edge)                               0.000     0.000
clock source latency                                             0.000     0.000
input external delay                                             0.000     0.000
b[3].inpad[0] (.input)                                           0.000     0.000
sum[4].in[2] (.names)                                            0.205     0.205
sum[4].out[0] (.names)                                           0.261     0.466
out:sum[4].outpad[0] (.output)                                   0.203     0.669
data arrival time                                                          0.669

clock virtual_io_clock (rise edge)                               0.000     0.000
clock source latency                                             0.000     0.000
clock uncertainty                                                0.000     0.000
output external delay                                            0.000     0.000
data required time                                                         0.000
--------------------------------------------------------------------------------
data required time                                                        -0.000
data arrival time                                                          0.669
--------------------------------------------------------------------------------
slack (MET)                                                                0.669


#Path 3
Startpoint: a[7].inpad[0] (.input clocked by virtual_io_clock)
Endpoint  : out:sum[7].outpad[0] (.output clocked by virtual_io_clock)
Path Type : hold

Point                                                             Incr      Path
--------------------------------------------------------------------------------
clock virtual_io_clock (rise edge)                               0.000     0.000
clock source latency                                             0.000     0.000
input external delay                                             0.000     0.000
a[7].inpad[0] (.input)                                           0.000     0.000
sum[7].in[1] (.names)                                            0.199     0.199
sum[7].out[0] (.names)                                           0.261     0.460
out:sum[7].outpad[0] (.output)                                   0.326     0.785
data arrival time                                                          0.785

clock virtual_io_clock (rise edge)                               0.000     0.000
clock source latency                                             0.000     0.000
clock uncertainty                                                0.000     0.000
output external delay                                            0.000     0.000
data required time                                                         0.000
--------------------------------------------------------------------------------
data required time                                                        -0.000
data arrival time                                                          0.785
--------------------------------------------------------------------------------
slack (MET)                                                                0.785


#Path 4
Startpoint: a[5].inpad[0] (.input clocked by virtual_io_clock)
Endpoint  : out:sum[5].outpad[0] (.output clocked by virtual_io_clock)
Path Type : hold

Point                                                             Incr      Path
--------------------------------------------------------------------------------
clock virtual_io_clock (rise edge)                               0.000     0.000
clock source latency                                             0.000     0.000
input external delay                                             0.000     0.000
a[5].inpad[0] (.input)                                           0.000     0.000
sum[5].in[1] (.names)                                            0.203     0.203
sum[5].out[0] (.names)                                           0.261     0.464
out:sum[5].outpad[0] (.output)                                   0.332     0.796
data arrival time                                                          0.796

clock virtual_io_clock (rise edge)                               0.000     0.000
clock source latency                                             0.000     0.000
clock uncertainty                                                0.000     0.000
output external delay                                            0.000     0.000
data required time                                                         0.000
--------------------------------------------------------------------------------
data required time                                                        -0.000
data arrival time                                                          0.796
--------------------------------------------------------------------------------
slack (MET)                                                                0.796


#Path 5
Startpoint: b[0].inpad[0] (.input clocked by virtual_io_clock)
Endpoint  : out:sum[0].outpad[0] (.output clocked by virtual_io_clock)
Path Type : hold

Point                                                             Incr      Path
--------------------------------------------------------------------------------
clock virtual_io_clock (rise edge)                               0.000     0.000
clock source latency                                             0.000     0.000
input external delay                                             0.000     0.000
b[0].inpad[0] (.input)                                           0.000     0.000
sum[0].in[1] (.names)                                            0.201     0.201
sum[0].out[0] (.names)                                           0.261     0.462
out:sum[0].outpad[0] (.output)                                   0.335     0.796
data arrival time                                                          0.796

clock virtual_io_clock (rise edge)                               0.000     0.000
clock source latency                                             0.000     0.000
clock uncertainty                                                0.000     0.000
output external delay                                            0.000     0.000
data required time                                                         0.000
--------------------------------------------------------------------------------
data required time                                                        -0.000
data arrival time                                                          0.796
--------------------------------------------------------------------------------
slack (MET)                                                                0.796


#Path 6
Startpoint: a[5].inpad[0] (.input clocked by virtual_io_clock)
Endpoint  : out:sum[6].outpad[0] (.output clocked by virtual_io_clock)
Path Type : hold

Point                                                             Incr      Path
--------------------------------------------------------------------------------
clock virtual_io_clock (rise edge)                               0.000     0.000
clock source latency                                             0.000     0.000
input external delay                                             0.000     0.000
a[5].inpad[0] (.input)                                           0.000     0.000
sum[6].in[1] (.names)                                            0.203     0.203
sum[6].out[0] (.names)                                           0.261     0.464
out:sum[6].outpad[0] (.output)                                   0.340     0.804
data arrival time                                                          0.804

clock virtual_io_clock (rise edge)                               0.000     0.000
clock source latency                                             0.000     0.000
clock uncertainty                                                0.000     0.000
output external delay                                            0.000     0.000
data required time                                                         0.000
--------------------------------------------------------------------------------
data required time                                                        -0.000
data arrival time                                                          0.804
--------------------------------------------------------------------------------
slack (MET)                                                                0.804


#Path 7
Startpoint: b[3].inpad[0] (.input clocked by virtual_io_clock)
Endpoint  : out:sum[3].outpad[0] (.output clocked by virtual_io_clock)
Path Type : hold

Point                                                             Incr      Path
--------------------------------------------------------------------------------
clock virtual_io_clock (rise edge)                               0.000     0.000
clock source latency                                             0.000     0.000
input external delay                                             0.000     0.000
b[3].inpad[0] (.input)                                           0.000     0.000
sum[3].in[2] (.names)                                            0.205     0.205
sum[3].out[0] (.names)                                           0.261     0.466
out:sum[3].outpad[0] (.output)                                   0.397     0.863
data arrival time                                                          0.863

clock virtual_io_clock (rise edge)                               0.000     0.000
clock source latency                                             0.000     0.000
clock uncertainty                                                0.000     0.000
output external delay                                            0.000     0.000
data required time                                                         0.000
--------------------------------------------------------------------------------
data required time                                                        -0.000
data arrival time                                                          0.863
--------------------------------------------------------------------------------
slack (MET)                                                                0.863


#Path 8
Startpoint: b[0].inpad[0] (.input clocked by virtual_io_clock)
Endpoint  : out:sum[1].outpad[0] (.output clocked by virtual_io_clock)
Path Type : hold

Point                                                             Incr      Path
--------------------------------------------------------------------------------
clock virtual_io_clock (rise edge)                               0.000     0.000
clock source latency                                             0.000     0.000
input external delay                                             0.000     0.000
b[0].inpad[0] (.input)                                           0.000     0.000
sum[1].in[1] (.names)                                            0.201     0.201
sum[1].out[0] (.names)                                           0.261     0.462
out:sum[1].outpad[0] (.output)                                   0.463     0.924
data arrival time                                                          0.924

clock virtual_io_clock (rise edge)                               0.000     0.000
clock source latency                                             0.000     0.000
clock uncertainty                                                0.000     0.000
output external delay                                            0.000     0.000
data required time                                                         0.000
--------------------------------------------------------------------------------
data required time                                                        -0.000
data arrival time                                                          0.924
--------------------------------------------------------------------------------
slack (MET)                                                                0.924


#Path 9
Startpoint: b[0].inpad[0] (.input clocked by virtual_io_clock)
Endpoint  : out:sum[2].outpad[0] (.output clocked by virtual_io_clock)
Path Type : hold

Point                                                             Incr      Path
--------------------------------------------------------------------------------
clock virtual_io_clock (rise edge)                               0.000     0.000
clock source latency                                             0.000     0.000
input external delay                                             0.000     0.000
b[0].inpad[0] (.input)                                           0.000     0.000
$abc$291$new_n31_.in[0] (.names)                                 0.199     0.199
$abc$291$new_n31_.out[0] (.names)                                0.261     0.460
sum[2].in[0] (.names)                                            0.141     0.601
sum[2].out[0] (.names)                                           0.261     0.862
out:sum[2].outpad[0] (.output)                                   0.524     1.385
data arrival time                                                          1.385

clock virtual_io_clock (rise edge)                               0.000     0.000
clock source latency                                             0.000     0.000
clock uncertainty                                                0.000     0.000
output external delay                                            0.000     0.000
data required time                                                         0.000
--------------------------------------------------------------------------------
data required time                                                        -0.000
data arrival time                                                          1.385
--------------------------------------------------------------------------------
slack (MET)                                                                1.385


#End of timing report
