#Timing report of worst 16 path(s)
# Unit scale: 1e-09 seconds
# Output precision: 3

#Path 1
Startpoint: result[4].Q[0] (.latch clocked by clk)
Endpoint  : out:result[4].outpad[0] (.output clocked by clk)
Path Type : setup

Point                                                             Incr      Path
--------------------------------------------------------------------------------
clock clk (rise edge)                                            0.000     0.000
clock source latency                                             0.000     0.000
clk.inpad[0] (.input)                                            0.000     0.000
result[4].clk[0] (.latch)                                        0.304     0.304
result[4].Q[0] (.latch) [clock-to-output]                        0.124     0.428
out:result[4].outpad[0] (.output)                                0.636     1.064
data arrival time                                                          1.064

clock clk (rise edge)                                            0.000     0.000
clock source latency                                             0.000     0.000
clock uncertainty                                                0.000     0.000
output external delay                                            0.000     0.000
data required time                                                         0.000
--------------------------------------------------------------------------------
data required time                                                         0.000
data arrival time                                                         -1.064
--------------------------------------------------------------------------------
slack (VIOLATED)                                                          -1.064


#Path 2
Startpoint: result[6].Q[0] (.latch clocked by clk)
Endpoint  : out:result[6].outpad[0] (.output clocked by clk)
Path Type : setup

Point                                                             Incr      Path
--------------------------------------------------------------------------------
clock clk (rise edge)                                            0.000     0.000
clock source latency                                             0.000     0.000
clk.inpad[0] (.input)                                            0.000     0.000
result[6].clk[0] (.latch)                                        0.304     0.304
result[6].Q[0] (.latch) [clock-to-output]                        0.124     0.428
out:result[6].outpad[0] (.output)                                0.572     1.000
data arrival time                                                          1.000

clock clk (rise edge)                                            0.000     0.000
clock source latency                                             0.000     0.000
clock uncertainty                                                0.000     0.000
output external delay                                            0.000     0.000
data required time                                                         0.000
--------------------------------------------------------------------------------
data required time                                                         0.000
data arrival time                                                         -1.000
--------------------------------------------------------------------------------
slack (VIOLATED)                                                          -1.000


#Path 3
Startpoint: result[2].Q[0] (.latch clocked by clk)
Endpoint  : out:result[2].outpad[0] (.output clocked by clk)
Path Type : setup

Point                                                             Incr      Path
--------------------------------------------------------------------------------
clock clk (rise edge)                                            0.000     0.000
clock source latency                                             0.000     0.000
clk.inpad[0] (.input)                                            0.000     0.000
result[2].clk[0] (.latch)                                        0.304     0.304
result[2].Q[0] (.latch) [clock-to-output]                        0.124     0.428
out:result[2].outpad[0] (.output)                                0.513     0.941
data arrival time                                                          0.941

clock clk (rise edge)                                            0.000     0.000
clock source latency                                             0.000     0.000
clock uncertainty                                                0.000     0.000
output external delay                                            0.000     0.000
data required time                                                         0.000
--------------------------------------------------------------------------------
data required time                                                         0.000
data arrival time                                                         -0.941
--------------------------------------------------------------------------------
slack (VIOLATED)                                                          -0.941


#Path 4
Startpoint: result[3].Q[0] (.latch clocked by clk)
Endpoint  : out:result[3].outpad[0] (.output clocked by clk)
Path Type : setup

Point                                                             Incr      Path
--------------------------------------------------------------------------------
clock clk (rise edge)                                            0.000     0.000
clock source latency                                             0.000     0.000
clk.inpad[0] (.input)                                            0.000     0.000
result[3].clk[0] (.latch)                                        0.304     0.304
result[3].Q[0] (.latch) [clock-to-output]                        0.124     0.428
out:result[3].outpad[0] (.output)                                0.512     0.940
data arrival time                                                          0.940

clock clk (rise edge)                                            0.000     0.000
clock source latency                                             0.000     0.000
clock uncertainty                                                0.000     0.000
output external delay                                            0.000     0.000
data required time                                                         0.000
--------------------------------------------------------------------------------
data required time                                                         0.000
data arrival time                                                         -0.940
--------------------------------------------------------------------------------
slack (VIOLATED)                                                          -0.940


#Path 5
Startpoint: result[5].Q[0] (.latch clocked by clk)
Endpoint  : result[6].D[0] (.latch clocked by clk)
Path Type : setup

Point                                                             Incr      Path
--------------------------------------------------------------------------------
clock clk (rise edge)                                            0.000     0.000
clock source latency                                             0.000     0.000
clk.inpad[0] (.input)                                            0.000     0.000
result[5].clk[0] (.latch)                                        0.304     0.304
result[5].Q[0] (.latch) [clock-to-output]                        0.124     0.428
$abc$209$new_n24_.in[0] (.names)                                 0.120     0.548
$abc$209$new_n24_.out[0] (.names)                                0.261     0.809
n46.in[1] (.names)                                               0.100     0.909
n46.out[0] (.names)                                              0.261     1.170
result[6].D[0] (.latch)                                          0.000     1.170
data arrival time                                                          1.170

clock clk (rise edge)                                            0.000     0.000
clock source latency                                             0.000     0.000
clk.inpad[0] (.input)                                            0.000     0.000
result[6].clk[0] (.latch)                                        0.304     0.304
clock uncertainty                                                0.000     0.304
cell setup time                                                 -0.066     0.238
data required time                                                         0.238
--------------------------------------------------------------------------------
data required time                                                         0.238
data arrival time                                                         -1.170
--------------------------------------------------------------------------------
slack (VIOLATED)                                                          -0.932


#Path 6
Startpoint: result[5].Q[0] (.latch clocked by clk)
Endpoint  : result[7].D[0] (.latch clocked by clk)
Path Type : setup

Point                                                             Incr      Path
--------------------------------------------------------------------------------
clock clk (rise edge)                                            0.000     0.000
clock source latency                                             0.000     0.000
clk.inpad[0] (.input)                                            0.000     0.000
result[5].clk[0] (.latch)                                        0.304     0.304
result[5].Q[0] (.latch) [clock-to-output]                        0.124     0.428
$abc$209$new_n24_.in[0] (.names)                                 0.120     0.548
$abc$209$new_n24_.out[0] (.names)                                0.261     0.809
n50.in[1] (.names)                                               0.100     0.909
n50.out[0] (.names)                                              0.261     1.170
result[7].D[0] (.latch)                                          0.000     1.170
data arrival time                                                          1.170

clock clk (rise edge)                                            0.000     0.000
clock source latency                                             0.000     0.000
clk.inpad[0] (.input)                                            0.000     0.000
result[7].clk[0] (.latch)                                        0.304     0.304
clock uncertainty                                                0.000     0.304
cell setup time                                                 -0.066     0.238
data required time                                                         0.238
--------------------------------------------------------------------------------
data required time                                                         0.238
data arrival time                                                         -1.170
--------------------------------------------------------------------------------
slack (VIOLATED)                                                          -0.932


#Path 7
Startpoint: result[0].Q[0] (.latch clocked by clk)
Endpoint  : out:result[0].outpad[0] (.output clocked by clk)
Path Type : setup

Point                                                             Incr      Path
--------------------------------------------------------------------------------
clock clk (rise edge)                                            0.000     0.000
clock source latency                                             0.000     0.000
clk.inpad[0] (.input)                                            0.000     0.000
result[0].clk[0] (.latch)                                        0.304     0.304
result[0].Q[0] (.latch) [clock-to-output]                        0.124     0.428
out:result[0].outpad[0] (.output)                                0.320     0.748
data arrival time                                                          0.748

clock clk (rise edge)                                            0.000     0.000
clock source latency                                             0.000     0.000
clock uncertainty                                                0.000     0.000
output external delay                                            0.000     0.000
data required time                                                         0.000
--------------------------------------------------------------------------------
data required time                                                         0.000
data arrival time                                                         -0.748
--------------------------------------------------------------------------------
slack (VIOLATED)                                                          -0.748


#Path 8
Startpoint: result[7].Q[0] (.latch clocked by clk)
Endpoint  : out:result[7].outpad[0] (.output clocked by clk)
Path Type : setup

Point                                                             Incr      Path
--------------------------------------------------------------------------------
clock clk (rise edge)                                            0.000     0.000
clock source latency                                             0.000     0.000
clk.inpad[0] (.input)                                            0.000     0.000
result[7].clk[0] (.latch)                                        0.304     0.304
result[7].Q[0] (.latch) [clock-to-output]                        0.124     0.428
out:result[7].outpad[0] (.output)                                0.262     0.690
data arrival time                                                          0.690

clock clk (rise edge)                                            0.000     0.000
clock source latency                                             0.000     0.000
clock uncertainty                                                0.000     0.000
output external delay                                            0.000     0.000
data required time                                                         0.000
--------------------------------------------------------------------------------
data required time                                                         0.000
data arrival time                                                         -0.690
--------------------------------------------------------------------------------
slack (VIOLATED)                                                          -0.690


#Path 9
Startpoint: result[1].Q[0] (.latch clocked by clk)
Endpoint  : out:result[1].outpad[0] (.output clocked by clk)
Path Type : setup

Point                                                             Incr      Path
--------------------------------------------------------------------------------
clock clk (rise edge)                                            0.000     0.000
clock source latency                                             0.000     0.000
clk.inpad[0] (.input)                                            0.000     0.000
result[1].clk[0] (.latch)                                        0.304     0.304
result[1].Q[0] (.latch) [clock-to-output]                        0.124     0.428
out:result[1].outpad[0] (.output)                                0.258     0.686
data arrival time                                                          0.686

clock clk (rise edge)                                            0.000     0.000
clock source latency                                             0.000     0.000
clock uncertainty                                                0.000     0.000
output external delay                                            0.000     0.000
data required time                                                         0.000
--------------------------------------------------------------------------------
data required time                                                         0.000
data arrival time                                                         -0.686
--------------------------------------------------------------------------------
slack (VIOLATED)                                                          -0.686


#Path 10
Startpoint: result[5].Q[0] (.latch clocked by clk)
Endpoint  : out:result[5].outpad[0] (.output clocked by clk)
Path Type : setup

Point                                                             Incr      Path
--------------------------------------------------------------------------------
clock clk (rise edge)                                            0.000     0.000
clock source latency                                             0.000     0.000
clk.inpad[0] (.input)                                            0.000     0.000
result[5].clk[0] (.latch)                                        0.304     0.304
result[5].Q[0] (.latch) [clock-to-output]                        0.124     0.428
out:result[5].outpad[0] (.output)                                0.196     0.624
data arrival time                                                          0.624

clock clk (rise edge)                                            0.000     0.000
clock source latency                                             0.000     0.000
clock uncertainty                                                0.000     0.000
output external delay                                            0.000     0.000
data required time                                                         0.000
--------------------------------------------------------------------------------
data required time                                                         0.000
data arrival time                                                         -0.624
--------------------------------------------------------------------------------
slack (VIOLATED)                                                          -0.624


#Path 11
Startpoint: result[0].Q[0] (.latch clocked by clk)
Endpoint  : result[0].D[0] (.latch clocked by clk)
Path Type : setup

Point                                                             Incr      Path
--------------------------------------------------------------------------------
clock clk (rise edge)                                            0.000     0.000
clock source latency                                             0.000     0.000
clk.inpad[0] (.input)                                            0.000     0.000
result[0].clk[0] (.latch)                                        0.304     0.304
result[0].Q[0] (.latch) [clock-to-output]                        0.124     0.428
n22.in[0] (.names)                                               0.120     0.548
n22.out[0] (.names)                                              0.261     0.809
result[0].D[0] (.latch)                                          0.000     0.809
data arrival time                                                          0.809

clock clk (rise edge)                                            0.000     0.000
clock source latency                                             0.000     0.000
clk.inpad[0] (.input)                                            0.000     0.000
result[0].clk[0] (.latch)                                        0.304     0.304
clock uncertainty                                                0.000     0.304
cell setup time                                                 -0.066     0.238
data required time                                                         0.238
--------------------------------------------------------------------------------
data required time                                                         0.238
data arrival time                                                         -0.809
--------------------------------------------------------------------------------
slack (VIOLATED)                                                          -0.571


#Path 12
Startpoint: result[1].Q[0] (.latch clocked by clk)
Endpoint  : result[1].D[0] (.latch clocked by clk)
Path Type : setup

Point                                                             Incr      Path
--------------------------------------------------------------------------------
clock clk (rise edge)                                            0.000     0.000
clock source latency                                             0.000     0.000
clk.inpad[0] (.input)                                            0.000     0.000
result[1].clk[0] (.latch)                                        0.304     0.304
result[1].Q[0] (.latch) [clock-to-output]                        0.124     0.428
n26.in[0] (.names)                                               0.120     0.548
n26.out[0] (.names)                                              0.261     0.809
result[1].D[0] (.latch)                                          0.000     0.809
data arrival time                                                          0.809

clock clk (rise edge)                                            0.000     0.000
clock source latency                                             0.000     0.000
clk.inpad[0] (.input)                                            0.000     0.000
result[1].clk[0] (.latch)                                        0.304     0.304
clock uncertainty                                                0.000     0.304
cell setup time                                                 -0.066     0.238
data required time                                                         0.238
--------------------------------------------------------------------------------
data required time                                                         0.238
data arrival time                                                         -0.809
--------------------------------------------------------------------------------
slack (VIOLATED)                                                          -0.571


#Path 13
Startpoint: result[1].Q[0] (.latch clocked by clk)
Endpoint  : result[2].D[0] (.latch clocked by clk)
Path Type : setup

Point                                                             Incr      Path
--------------------------------------------------------------------------------
clock clk (rise edge)                                            0.000     0.000
clock source latency                                             0.000     0.000
clk.inpad[0] (.input)                                            0.000     0.000
result[1].clk[0] (.latch)                                        0.304     0.304
result[1].Q[0] (.latch) [clock-to-output]                        0.124     0.428
n30.in[0] (.names)                                               0.120     0.548
n30.out[0] (.names)                                              0.261     0.809
result[2].D[0] (.latch)                                          0.000     0.809
data arrival time                                                          0.809

clock clk (rise edge)                                            0.000     0.000
clock source latency                                             0.000     0.000
clk.inpad[0] (.input)                                            0.000     0.000
result[2].clk[0] (.latch)                                        0.304     0.304
clock uncertainty                                                0.000     0.304
cell setup time                                                 -0.066     0.238
data required time                                                         0.238
--------------------------------------------------------------------------------
data required time                                                         0.238
data arrival time                                                         -0.809
--------------------------------------------------------------------------------
slack (VIOLATED)                                                          -0.571


#Path 14
Startpoint: result[2].Q[0] (.latch clocked by clk)
Endpoint  : result[3].D[0] (.latch clocked by clk)
Path Type : setup

Point                                                             Incr      Path
--------------------------------------------------------------------------------
clock clk (rise edge)                                            0.000     0.000
clock source latency                                             0.000     0.000
clk.inpad[0] (.input)                                            0.000     0.000
result[2].clk[0] (.latch)                                        0.304     0.304
result[2].Q[0] (.latch) [clock-to-output]                        0.124     0.428
n34.in[0] (.names)                                               0.120     0.548
n34.out[0] (.names)                                              0.261     0.809
result[3].D[0] (.latch)                                          0.000     0.809
data arrival time                                                          0.809

clock clk (rise edge)                                            0.000     0.000
clock source latency                                             0.000     0.000
clk.inpad[0] (.input)                                            0.000     0.000
result[3].clk[0] (.latch)                                        0.304     0.304
clock uncertainty                                                0.000     0.304
cell setup time                                                 -0.066     0.238
data required time                                                         0.238
--------------------------------------------------------------------------------
data required time                                                         0.238
data arrival time                                                         -0.809
--------------------------------------------------------------------------------
slack (VIOLATED)                                                          -0.571


#Path 15
Startpoint: result[3].Q[0] (.latch clocked by clk)
Endpoint  : result[4].D[0] (.latch clocked by clk)
Path Type : setup

Point                                                             Incr      Path
--------------------------------------------------------------------------------
clock clk (rise edge)                                            0.000     0.000
clock source latency                                             0.000     0.000
clk.inpad[0] (.input)                                            0.000     0.000
result[3].clk[0] (.latch)                                        0.304     0.304
result[3].Q[0] (.latch) [clock-to-output]                        0.124     0.428
n38.in[0] (.names)                                               0.120     0.548
n38.out[0] (.names)                                              0.261     0.809
result[4].D[0] (.latch)                                          0.000     0.809
data arrival time                                                          0.809

clock clk (rise edge)                                            0.000     0.000
clock source latency                                             0.000     0.000
clk.inpad[0] (.input)                                            0.000     0.000
result[4].clk[0] (.latch)                                        0.304     0.304
clock uncertainty                                                0.000     0.304
cell setup time                                                 -0.066     0.238
data required time                                                         0.238
--------------------------------------------------------------------------------
data required time                                                         0.238
data arrival time                                                         -0.809
--------------------------------------------------------------------------------
slack (VIOLATED)                                                          -0.571


#Path 16
Startpoint: result[4].Q[0] (.latch clocked by clk)
Endpoint  : result[5].D[0] (.latch clocked by clk)
Path Type : setup

Point                                                             Incr      Path
--------------------------------------------------------------------------------
clock clk (rise edge)                                            0.000     0.000
clock source latency                                             0.000     0.000
clk.inpad[0] (.input)                                            0.000     0.000
result[4].clk[0] (.latch)                                        0.304     0.304
result[4].Q[0] (.latch) [clock-to-output]                        0.124     0.428
n42.in[0] (.names)                                               0.120     0.548
n42.out[0] (.names)                                              0.261     0.809
result[5].D[0] (.latch)                                          0.000     0.809
data arrival time                                                          0.809

clock clk (rise edge)                                            0.000     0.000
clock source latency                                             0.000     0.000
clk.inpad[0] (.input)                                            0.000     0.000
result[5].clk[0] (.latch)                                        0.304     0.304
clock uncertainty                                                0.000     0.304
cell setup time                                                 -0.066     0.238
data required time                                                         0.238
--------------------------------------------------------------------------------
data required time                                                         0.238
data arrival time                                                         -0.809
--------------------------------------------------------------------------------
slack (VIOLATED)                                                          -0.571


#End of timing report
