#Timing report of worst 7 path(s)
# Unit scale: 1e-09 seconds
# Output precision: 3

#Path 1
Startpoint: b[1].inpad[0] (.input clocked by virtual_io_clock)
Endpoint  : out:sum[1].outpad[0] (.output clocked by virtual_io_clock)
Path Type : hold

Point                                                             Incr      Path
--------------------------------------------------------------------------------
clock virtual_io_clock (rise edge)                               0.000     0.000
clock source latency                                             0.000     0.000
input external delay                                             0.000     0.000
b[1].inpad[0] (.input)                                           0.000     0.000
sum[1].in[3] (.names)                                            0.203     0.203
sum[1].out[0] (.names)                                           0.261     0.464
out:sum[1].outpad[0] (.output)                                   0.203     0.668
data arrival time                                                          0.668

clock virtual_io_clock (rise edge)                               0.000     0.000
clock source latency                                             0.000     0.000
clock uncertainty                                                0.000     0.000
output external delay                                            0.000     0.000
data required time                                                         0.000
--------------------------------------------------------------------------------
data required time                                                        -0.000
data arrival time                                                          0.668
--------------------------------------------------------------------------------
slack (MET)                                                                0.668


#Path 2
Startpoint: a[5].inpad[0] (.input clocked by virtual_io_clock)
Endpoint  : out:sum[5].outpad[0] (.output clocked by virtual_io_clock)
Path Type : hold

Point                                                             Incr      Path
--------------------------------------------------------------------------------
clock virtual_io_clock (rise edge)                               0.000     0.000
clock source latency                                             0.000     0.000
input external delay                                             0.000     0.000
a[5].inpad[0] (.input)                                           0.000     0.000
sum[5].in[1] (.names)                                            0.330     0.330
sum[5].out[0] (.names)                                           0.261     0.591
out:sum[5].outpad[0] (.output)                                   0.199     0.790
data arrival time                                                          0.790

clock virtual_io_clock (rise edge)                               0.000     0.000
clock source latency                                             0.000     0.000
clock uncertainty                                                0.000     0.000
output external delay                                            0.000     0.000
data required time                                                         0.000
--------------------------------------------------------------------------------
data required time                                                        -0.000
data arrival time                                                          0.790
--------------------------------------------------------------------------------
slack (MET)                                                                0.790


#Path 3
Startpoint: a[5].inpad[0] (.input clocked by virtual_io_clock)
Endpoint  : out:cout.outpad[0] (.output clocked by virtual_io_clock)
Path Type : hold

Point                                                             Incr      Path
--------------------------------------------------------------------------------
clock virtual_io_clock (rise edge)                               0.000     0.000
clock source latency                                             0.000     0.000
input external delay                                             0.000     0.000
a[5].inpad[0] (.input)                                           0.000     0.000
cout.in[2] (.names)                                              0.330     0.330
cout.out[0] (.names)                                             0.261     0.591
out:cout.outpad[0] (.output)                                     0.200     0.791
data arrival time                                                          0.791

clock virtual_io_clock (rise edge)                               0.000     0.000
clock source latency                                             0.000     0.000
clock uncertainty                                                0.000     0.000
output external delay                                            0.000     0.000
data required time                                                         0.000
--------------------------------------------------------------------------------
data required time                                                        -0.000
data arrival time                                                          0.791
--------------------------------------------------------------------------------
slack (MET)                                                                0.791


#Path 4
Startpoint: a[3].inpad[0] (.input clocked by virtual_io_clock)
Endpoint  : out:sum[3].outpad[0] (.output clocked by virtual_io_clock)
Path Type : hold

Point                                                             Incr      Path
--------------------------------------------------------------------------------
clock virtual_io_clock (rise edge)                               0.000     0.000
clock source latency                                             0.000     0.000
input external delay                                             0.000     0.000
a[3].inpad[0] (.input)                                           0.000     0.000
sum[3].in[3] (.names)                                            0.334     0.334
sum[3].out[0] (.names)                                           0.261     0.595
out:sum[3].outpad[0] (.output)                                   0.203     0.798
data arrival time                                                          0.798

clock virtual_io_clock (rise edge)                               0.000     0.000
clock source latency                                             0.000     0.000
clock uncertainty                                                0.000     0.000
output external delay                                            0.000     0.000
data required time                                                         0.000
--------------------------------------------------------------------------------
data required time                                                        -0.000
data arrival time                                                          0.798
--------------------------------------------------------------------------------
slack (MET)                                                                0.798


#Path 5
Startpoint: cin.inpad[0] (.input clocked by virtual_io_clock)
Endpoint  : out:sum[0].outpad[0] (.output clocked by virtual_io_clock)
Path Type : hold

Point                                                             Incr      Path
--------------------------------------------------------------------------------
clock virtual_io_clock (rise edge)                               0.000     0.000
clock source latency                                             0.000     0.000
input external delay                                             0.000     0.000
cin.inpad[0] (.input)                                            0.000     0.000
sum[0].in[0] (.names)                                            0.204     0.204
sum[0].out[0] (.names)                                           0.261     0.465
out:sum[0].outpad[0] (.output)                                   0.333     0.798
data arrival time                                                          0.798

clock virtual_io_clock (rise edge)                               0.000     0.000
clock source latency                                             0.000     0.000
clock uncertainty                                                0.000     0.000
output external delay                                            0.000     0.000
data required time                                                         0.000
--------------------------------------------------------------------------------
data required time                                                        -0.000
data arrival time                                                          0.798
--------------------------------------------------------------------------------
slack (MET)                                                                0.798


#Path 6
Startpoint: b[2].inpad[0] (.input clocked by virtual_io_clock)
Endpoint  : out:sum[2].outpad[0] (.output clocked by virtual_io_clock)
Path Type : hold

Point                                                             Incr      Path
--------------------------------------------------------------------------------
clock virtual_io_clock (rise edge)                               0.000     0.000
clock source latency                                             0.000     0.000
input external delay                                             0.000     0.000
b[2].inpad[0] (.input)                                           0.000     0.000
$abc$239$new_n25_.in[4] (.names)                                 0.197     0.197
$abc$239$new_n25_.out[0] (.names)                                0.261     0.458
sum[2].in[0] (.names)                                            0.000     0.458
sum[2].out[0] (.names)                                           0.261     0.719
out:sum[2].outpad[0] (.output)                                   0.200     0.919
data arrival time                                                          0.919

clock virtual_io_clock (rise edge)                               0.000     0.000
clock source latency                                             0.000     0.000
clock uncertainty                                                0.000     0.000
output external delay                                            0.000     0.000
data required time                                                         0.000
--------------------------------------------------------------------------------
data required time                                                        -0.000
data arrival time                                                          0.919
--------------------------------------------------------------------------------
slack (MET)                                                                0.919


#Path 7
Startpoint: a[3].inpad[0] (.input clocked by virtual_io_clock)
Endpoint  : out:sum[4].outpad[0] (.output clocked by virtual_io_clock)
Path Type : hold

Point                                                             Incr      Path
--------------------------------------------------------------------------------
clock virtual_io_clock (rise edge)                               0.000     0.000
clock source latency                                             0.000     0.000
input external delay                                             0.000     0.000
a[3].inpad[0] (.input)                                           0.000     0.000
sum[4].in[3] (.names)                                            0.198     0.198
sum[4].out[0] (.names)                                           0.261     0.459
out:sum[4].outpad[0] (.output)                                   0.939     1.398
data arrival time                                                          1.398

clock virtual_io_clock (rise edge)                               0.000     0.000
clock source latency                                             0.000     0.000
clock uncertainty                                                0.000     0.000
output external delay                                            0.000     0.000
data required time                                                         0.000
--------------------------------------------------------------------------------
data required time                                                        -0.000
data arrival time                                                          1.398
--------------------------------------------------------------------------------
slack (MET)                                                                1.398


#End of timing report
