#Timing report of worst 2 path(s)
# Unit scale: 1e-09 seconds
# Output precision: 3

#Path 1
Startpoint: in.inpad[0] (.input clocked by clock)
Endpoint  : out.D[0] (.latch clocked by clock)
Path Type : hold

Point                                                             Incr      Path
--------------------------------------------------------------------------------
clock clock (rise edge)                                          0.000     0.000
clock source latency                                             0.000     0.000
input external delay                                             0.000     0.000
in.inpad[0] (.input)                                             0.000     0.000
out.D[0] (.latch)                                                0.136     0.136
data arrival time                                                          0.136

clock clock (rise edge)                                          0.000     0.000
clock source latency                                             0.000     0.000
clock.inpad[0] (.input)                                          0.000     0.000
out.clk[0] (.latch)                                              0.387     0.387
clock uncertainty                                                0.000     0.387
cell hold time                                                   0.066     0.453
data required time                                                         0.453
--------------------------------------------------------------------------------
data required time                                                        -0.453
data arrival time                                                          0.136
--------------------------------------------------------------------------------
slack (VIOLATED)                                                          -0.317


#Path 2
Startpoint: out.Q[0] (.latch clocked by clock)
Endpoint  : out:out.outpad[0] (.output clocked by clock)
Path Type : hold

Point                                                             Incr      Path
--------------------------------------------------------------------------------
clock clock (rise edge)                                          0.000     0.000
clock source latency                                             0.000     0.000
clock.inpad[0] (.input)                                          0.000     0.000
out.clk[0] (.latch)                                              0.387     0.387
out.Q[0] (.latch) [clock-to-output]                              0.124     0.511
out:out.outpad[0] (.output)                                      0.453     0.964
data arrival time                                                          0.964

clock clock (rise edge)                                          0.000     0.000
clock source latency                                             0.000     0.000
clock uncertainty                                                0.000     0.000
output external delay                                            0.000     0.000
data required time                                                         0.000
--------------------------------------------------------------------------------
data required time                                                        -0.000
data arrival time                                                          0.964
--------------------------------------------------------------------------------
slack (MET)                                                                0.964


#End of timing report
