#Timing report of worst 5 path(s)
# Unit scale: 1e-09 seconds
# Output precision: 3

#Path 1
Startpoint: b[0].inpad[0] (.input clocked by virtual_io_clock)
Endpoint  : out:sum[2].outpad[0] (.output clocked by virtual_io_clock)
Path Type : setup

Point                                                             Incr      Path
--------------------------------------------------------------------------------
clock virtual_io_clock (rise edge)                               0.000     0.000
clock source latency                                             0.000     0.000
input external delay                                             0.000     0.000
b[0].inpad[0] (.input)                                           0.000     0.000
$abc$196$new_n19_.in[0] (.names)                                 1.338     1.338
$abc$196$new_n19_.out[0] (.names)                                0.261     1.599
sum[2].in[0] (.names)                                            1.338     2.937
sum[2].out[0] (.names)                                           0.261     3.198
out:sum[2].outpad[0] (.output)                                   1.338     4.535
data arrival time                                                          4.535

clock virtual_io_clock (rise edge)                               0.000     0.000
clock source latency                                             0.000     0.000
clock uncertainty                                                0.000     0.000
output external delay                                            0.000     0.000
data required time                                                         0.000
--------------------------------------------------------------------------------
data required time                                                         0.000
data arrival time                                                         -4.535
--------------------------------------------------------------------------------
slack (VIOLATED)                                                          -4.535


#Path 2
Startpoint: b[0].inpad[0] (.input clocked by virtual_io_clock)
Endpoint  : out:sum[3].outpad[0] (.output clocked by virtual_io_clock)
Path Type : setup

Point                                                             Incr      Path
--------------------------------------------------------------------------------
clock virtual_io_clock (rise edge)                               0.000     0.000
clock source latency                                             0.000     0.000
input external delay                                             0.000     0.000
b[0].inpad[0] (.input)                                           0.000     0.000
$abc$196$new_n19_.in[0] (.names)                                 1.338     1.338
$abc$196$new_n19_.out[0] (.names)                                0.261     1.599
sum[3].in[0] (.names)                                            1.338     2.937
sum[3].out[0] (.names)                                           0.261     3.198
out:sum[3].outpad[0] (.output)                                   1.338     4.535
data arrival time                                                          4.535

clock virtual_io_clock (rise edge)                               0.000     0.000
clock source latency                                             0.000     0.000
clock uncertainty                                                0.000     0.000
output external delay                                            0.000     0.000
data required time                                                         0.000
--------------------------------------------------------------------------------
data required time                                                         0.000
data arrival time                                                         -4.535
--------------------------------------------------------------------------------
slack (VIOLATED)                                                          -4.535


#Path 3
Startpoint: b[1].inpad[0] (.input clocked by virtual_io_clock)
Endpoint  : out:cout.outpad[0] (.output clocked by virtual_io_clock)
Path Type : setup

Point                                                             Incr      Path
--------------------------------------------------------------------------------
clock virtual_io_clock (rise edge)                               0.000     0.000
clock source latency                                             0.000     0.000
input external delay                                             0.000     0.000
b[1].inpad[0] (.input)                                           0.000     0.000
$abc$196$new_n21_.in[0] (.names)                                 1.338     1.338
$abc$196$new_n21_.out[0] (.names)                                0.261     1.599
cout.in[2] (.names)                                              1.338     2.937
cout.out[0] (.names)                                             0.261     3.198
out:cout.outpad[0] (.output)                                     1.338     4.535
data arrival time                                                          4.535

clock virtual_io_clock (rise edge)                               0.000     0.000
clock source latency                                             0.000     0.000
clock uncertainty                                                0.000     0.000
output external delay                                            0.000     0.000
data required time                                                         0.000
--------------------------------------------------------------------------------
data required time                                                         0.000
data arrival time                                                         -4.535
--------------------------------------------------------------------------------
slack (VIOLATED)                                                          -4.535


#Path 4
Startpoint: cin.inpad[0] (.input clocked by virtual_io_clock)
Endpoint  : out:sum[1].outpad[0] (.output clocked by virtual_io_clock)
Path Type : setup

Point                                                             Incr      Path
--------------------------------------------------------------------------------
clock virtual_io_clock (rise edge)                               0.000     0.000
clock source latency                                             0.000     0.000
input external delay                                             0.000     0.000
cin.inpad[0] (.input)                                            0.000     0.000
sum[1].in[0] (.names)                                            1.338     1.338
sum[1].out[0] (.names)                                           0.261     1.599
out:sum[1].outpad[0] (.output)                                   1.338     2.937
data arrival time                                                          2.937

clock virtual_io_clock (rise edge)                               0.000     0.000
clock source latency                                             0.000     0.000
clock uncertainty                                                0.000     0.000
output external delay                                            0.000     0.000
data required time                                                         0.000
--------------------------------------------------------------------------------
data required time                                                         0.000
data arrival time                                                         -2.937
--------------------------------------------------------------------------------
slack (VIOLATED)                                                          -2.937


#Path 5
Startpoint: cin.inpad[0] (.input clocked by virtual_io_clock)
Endpoint  : out:sum[0].outpad[0] (.output clocked by virtual_io_clock)
Path Type : setup

Point                                                             Incr      Path
--------------------------------------------------------------------------------
clock virtual_io_clock (rise edge)                               0.000     0.000
clock source latency                                             0.000     0.000
input external delay                                             0.000     0.000
cin.inpad[0] (.input)                                            0.000     0.000
sum[0].in[0] (.names)                                            1.338     1.338
sum[0].out[0] (.names)                                           0.261     1.599
out:sum[0].outpad[0] (.output)                                   1.338     2.937
data arrival time                                                          2.937

clock virtual_io_clock (rise edge)                               0.000     0.000
clock source latency                                             0.000     0.000
clock uncertainty                                                0.000     0.000
output external delay                                            0.000     0.000
data required time                                                         0.000
--------------------------------------------------------------------------------
data required time                                                         0.000
data arrival time                                                         -2.937
--------------------------------------------------------------------------------
slack (VIOLATED)                                                          -2.937


#End of timing report
