#Timing report of worst 5 path(s)
# Unit scale: 1e-09 seconds
# Output precision: 3

#Path 1
Startpoint: b[1].inpad[0] (.input clocked by virtual_io_clock)
Endpoint  : out:sum[3].outpad[0] (.output clocked by virtual_io_clock)
Path Type : setup

Point                                                             Incr      Path
--------------------------------------------------------------------------------
clock virtual_io_clock (rise edge)                               0.000     0.000
clock source latency                                             0.000     0.000
input external delay                                             0.000     0.000
b[1].inpad[0] (.input)                                           0.000     0.000
$abc$196$new_n19_.in[2] (.names)                                 0.336     0.336
$abc$196$new_n19_.out[0] (.names)                                0.261     0.597
sum[3].in[0] (.names)                                            0.100     0.697
sum[3].out[0] (.names)                                           0.261     0.958
out:sum[3].outpad[0] (.output)                                   0.241     1.199
data arrival time                                                          1.199

clock virtual_io_clock (rise edge)                               0.000     0.000
clock source latency                                             0.000     0.000
clock uncertainty                                                0.000     0.000
output external delay                                            0.000     0.000
data required time                                                         0.000
--------------------------------------------------------------------------------
data required time                                                         0.000
data arrival time                                                         -1.199
--------------------------------------------------------------------------------
slack (VIOLATED)                                                          -1.199


#Path 2
Startpoint: b[1].inpad[0] (.input clocked by virtual_io_clock)
Endpoint  : out:cout.outpad[0] (.output clocked by virtual_io_clock)
Path Type : setup

Point                                                             Incr      Path
--------------------------------------------------------------------------------
clock virtual_io_clock (rise edge)                               0.000     0.000
clock source latency                                             0.000     0.000
input external delay                                             0.000     0.000
b[1].inpad[0] (.input)                                           0.000     0.000
$abc$196$new_n21_.in[0] (.names)                                 0.336     0.336
$abc$196$new_n21_.out[0] (.names)                                0.261     0.597
cout.in[2] (.names)                                              0.100     0.697
cout.out[0] (.names)                                             0.261     0.958
out:cout.outpad[0] (.output)                                     0.241     1.199
data arrival time                                                          1.199

clock virtual_io_clock (rise edge)                               0.000     0.000
clock source latency                                             0.000     0.000
clock uncertainty                                                0.000     0.000
output external delay                                            0.000     0.000
data required time                                                         0.000
--------------------------------------------------------------------------------
data required time                                                         0.000
data arrival time                                                         -1.199
--------------------------------------------------------------------------------
slack (VIOLATED)                                                          -1.199


#Path 3
Startpoint: b[1].inpad[0] (.input clocked by virtual_io_clock)
Endpoint  : out:sum[2].outpad[0] (.output clocked by virtual_io_clock)
Path Type : setup

Point                                                             Incr      Path
--------------------------------------------------------------------------------
clock virtual_io_clock (rise edge)                               0.000     0.000
clock source latency                                             0.000     0.000
input external delay                                             0.000     0.000
b[1].inpad[0] (.input)                                           0.000     0.000
$abc$196$new_n19_.in[2] (.names)                                 0.336     0.336
$abc$196$new_n19_.out[0] (.names)                                0.261     0.597
sum[2].in[0] (.names)                                            0.100     0.697
sum[2].out[0] (.names)                                           0.261     0.958
out:sum[2].outpad[0] (.output)                                   0.238     1.196
data arrival time                                                          1.196

clock virtual_io_clock (rise edge)                               0.000     0.000
clock source latency                                             0.000     0.000
clock uncertainty                                                0.000     0.000
output external delay                                            0.000     0.000
data required time                                                         0.000
--------------------------------------------------------------------------------
data required time                                                         0.000
data arrival time                                                         -1.196
--------------------------------------------------------------------------------
slack (VIOLATED)                                                          -1.196


#Path 4
Startpoint: cin.inpad[0] (.input clocked by virtual_io_clock)
Endpoint  : out:sum[0].outpad[0] (.output clocked by virtual_io_clock)
Path Type : setup

Point                                                             Incr      Path
--------------------------------------------------------------------------------
clock virtual_io_clock (rise edge)                               0.000     0.000
clock source latency                                             0.000     0.000
input external delay                                             0.000     0.000
cin.inpad[0] (.input)                                            0.000     0.000
sum[0].in[0] (.names)                                            0.334     0.334
sum[0].out[0] (.names)                                           0.261     0.595
out:sum[0].outpad[0] (.output)                                   0.553     1.148
data arrival time                                                          1.148

clock virtual_io_clock (rise edge)                               0.000     0.000
clock source latency                                             0.000     0.000
clock uncertainty                                                0.000     0.000
output external delay                                            0.000     0.000
data required time                                                         0.000
--------------------------------------------------------------------------------
data required time                                                         0.000
data arrival time                                                         -1.148
--------------------------------------------------------------------------------
slack (VIOLATED)                                                          -1.148


#Path 5
Startpoint: b[1].inpad[0] (.input clocked by virtual_io_clock)
Endpoint  : out:sum[1].outpad[0] (.output clocked by virtual_io_clock)
Path Type : setup

Point                                                             Incr      Path
--------------------------------------------------------------------------------
clock virtual_io_clock (rise edge)                               0.000     0.000
clock source latency                                             0.000     0.000
input external delay                                             0.000     0.000
b[1].inpad[0] (.input)                                           0.000     0.000
sum[1].in[3] (.names)                                            0.336     0.336
sum[1].out[0] (.names)                                           0.261     0.597
out:sum[1].outpad[0] (.output)                                   0.238     0.835
data arrival time                                                          0.835

clock virtual_io_clock (rise edge)                               0.000     0.000
clock source latency                                             0.000     0.000
clock uncertainty                                                0.000     0.000
output external delay                                            0.000     0.000
data required time                                                         0.000
--------------------------------------------------------------------------------
data required time                                                         0.000
data arrival time                                                         -0.835
--------------------------------------------------------------------------------
slack (VIOLATED)                                                          -0.835


#End of timing report
