#Timing report of worst 5 path(s)
# Unit scale: 1e-09 seconds
# Output precision: 3

#Path 1
Startpoint: b[0].inpad[0] (.input clocked by virtual_io_clock)
Endpoint  : out:sum[1].outpad[0] (.output clocked by virtual_io_clock)
Path Type : hold

Point                                                             Incr      Path
--------------------------------------------------------------------------------
clock virtual_io_clock (rise edge)                               0.000     0.000
clock source latency                                             0.000     0.000
input external delay                                             0.000     0.000
b[0].inpad[0] (.input)                                           0.000     0.000
sum[1].in[1] (.names)                                            0.136     0.136
sum[1].out[0] (.names)                                           0.261     0.397
out:sum[1].outpad[0] (.output)                                   0.199     0.595
data arrival time                                                          0.595

clock virtual_io_clock (rise edge)                               0.000     0.000
clock source latency                                             0.000     0.000
clock uncertainty                                                0.000     0.000
output external delay                                            0.000     0.000
data required time                                                         0.000
--------------------------------------------------------------------------------
data required time                                                        -0.000
data arrival time                                                          0.595
--------------------------------------------------------------------------------
slack (MET)                                                                0.595


#Path 2
Startpoint: a[3].inpad[0] (.input clocked by virtual_io_clock)
Endpoint  : out:sum[3].outpad[0] (.output clocked by virtual_io_clock)
Path Type : hold

Point                                                             Incr      Path
--------------------------------------------------------------------------------
clock virtual_io_clock (rise edge)                               0.000     0.000
clock source latency                                             0.000     0.000
input external delay                                             0.000     0.000
a[3].inpad[0] (.input)                                           0.000     0.000
sum[3].in[3] (.names)                                            0.136     0.136
sum[3].out[0] (.names)                                           0.261     0.397
out:sum[3].outpad[0] (.output)                                   0.202     0.599
data arrival time                                                          0.599

clock virtual_io_clock (rise edge)                               0.000     0.000
clock source latency                                             0.000     0.000
clock uncertainty                                                0.000     0.000
output external delay                                            0.000     0.000
data required time                                                         0.000
--------------------------------------------------------------------------------
data required time                                                        -0.000
data arrival time                                                          0.599
--------------------------------------------------------------------------------
slack (MET)                                                                0.599


#Path 3
Startpoint: a[3].inpad[0] (.input clocked by virtual_io_clock)
Endpoint  : out:cout.outpad[0] (.output clocked by virtual_io_clock)
Path Type : hold

Point                                                             Incr      Path
--------------------------------------------------------------------------------
clock virtual_io_clock (rise edge)                               0.000     0.000
clock source latency                                             0.000     0.000
input external delay                                             0.000     0.000
a[3].inpad[0] (.input)                                           0.000     0.000
cout.in[1] (.names)                                              0.136     0.136
cout.out[0] (.names)                                             0.261     0.397
out:cout.outpad[0] (.output)                                     0.202     0.599
data arrival time                                                          0.599

clock virtual_io_clock (rise edge)                               0.000     0.000
clock source latency                                             0.000     0.000
clock uncertainty                                                0.000     0.000
output external delay                                            0.000     0.000
data required time                                                         0.000
--------------------------------------------------------------------------------
data required time                                                        -0.000
data arrival time                                                          0.599
--------------------------------------------------------------------------------
slack (MET)                                                                0.599


#Path 4
Startpoint: b[0].inpad[0] (.input clocked by virtual_io_clock)
Endpoint  : out:sum[2].outpad[0] (.output clocked by virtual_io_clock)
Path Type : hold

Point                                                             Incr      Path
--------------------------------------------------------------------------------
clock virtual_io_clock (rise edge)                               0.000     0.000
clock source latency                                             0.000     0.000
input external delay                                             0.000     0.000
b[0].inpad[0] (.input)                                           0.000     0.000
$abc$196$new_n19_.in[0] (.names)                                 0.136     0.136
$abc$196$new_n19_.out[0] (.names)                                0.261     0.397
sum[2].in[0] (.names)                                            0.000     0.397
sum[2].out[0] (.names)                                           0.261     0.658
out:sum[2].outpad[0] (.output)                                   0.199     0.856
data arrival time                                                          0.856

clock virtual_io_clock (rise edge)                               0.000     0.000
clock source latency                                             0.000     0.000
clock uncertainty                                                0.000     0.000
output external delay                                            0.000     0.000
data required time                                                         0.000
--------------------------------------------------------------------------------
data required time                                                        -0.000
data arrival time                                                          0.856
--------------------------------------------------------------------------------
slack (MET)                                                                0.856


#Path 5
Startpoint: b[0].inpad[0] (.input clocked by virtual_io_clock)
Endpoint  : out:sum[0].outpad[0] (.output clocked by virtual_io_clock)
Path Type : hold

Point                                                             Incr      Path
--------------------------------------------------------------------------------
clock virtual_io_clock (rise edge)                               0.000     0.000
clock source latency                                             0.000     0.000
input external delay                                             0.000     0.000
b[0].inpad[0] (.input)                                           0.000     0.000
sum[0].in[1] (.names)                                            0.136     0.136
sum[0].out[0] (.names)                                           0.261     0.397
out:sum[0].outpad[0] (.output)                                   0.514     0.910
data arrival time                                                          0.910

clock virtual_io_clock (rise edge)                               0.000     0.000
clock source latency                                             0.000     0.000
clock uncertainty                                                0.000     0.000
output external delay                                            0.000     0.000
data required time                                                         0.000
--------------------------------------------------------------------------------
data required time                                                        -0.000
data arrival time                                                          0.910
--------------------------------------------------------------------------------
slack (MET)                                                                0.910


#End of timing report
