#Timing report of worst 9 path(s)
# Unit scale: 1e-09 seconds
# Output precision: 3

#Path 1
Startpoint: a[2].inpad[0] (.input clocked by virtual_io_clock)
Endpoint  : out:sum[7].outpad[0] (.output clocked by virtual_io_clock)
Path Type : setup

Point                                                             Incr      Path
--------------------------------------------------------------------------------
clock virtual_io_clock (rise edge)                               0.000     0.000
clock source latency                                             0.000     0.000
input external delay                                             0.000     0.000
a[2].inpad[0] (.input)                                           0.000     0.000
$abc$291$new_n33_.in[2] (.names)                                 0.343     0.343
$abc$291$new_n33_.out[0] (.names)                                0.261     0.604
$abc$291$new_n38_.in[4] (.names)                                 0.100     0.704
$abc$291$new_n38_.out[0] (.names)                                0.261     0.965
$abc$291$new_n42_.in[4] (.names)                                 0.100     1.065
$abc$291$new_n42_.out[0] (.names)                                0.261     1.326
sum[7].in[2] (.names)                                            0.100     1.426
sum[7].out[0] (.names)                                           0.261     1.687
out:sum[7].outpad[0] (.output)                                   0.364     2.051
data arrival time                                                          2.051

clock virtual_io_clock (rise edge)                               0.000     0.000
clock source latency                                             0.000     0.000
clock uncertainty                                                0.000     0.000
output external delay                                            0.000     0.000
data required time                                                         0.000
--------------------------------------------------------------------------------
data required time                                                         0.000
data arrival time                                                         -2.051
--------------------------------------------------------------------------------
slack (VIOLATED)                                                          -2.051


#Path 2
Startpoint: a[2].inpad[0] (.input clocked by virtual_io_clock)
Endpoint  : out:cout.outpad[0] (.output clocked by virtual_io_clock)
Path Type : setup

Point                                                             Incr      Path
--------------------------------------------------------------------------------
clock virtual_io_clock (rise edge)                               0.000     0.000
clock source latency                                             0.000     0.000
input external delay                                             0.000     0.000
a[2].inpad[0] (.input)                                           0.000     0.000
$abc$291$new_n33_.in[2] (.names)                                 0.343     0.343
$abc$291$new_n33_.out[0] (.names)                                0.261     0.604
$abc$291$new_n38_.in[4] (.names)                                 0.100     0.704
$abc$291$new_n38_.out[0] (.names)                                0.261     0.965
$abc$291$new_n42_.in[4] (.names)                                 0.100     1.065
$abc$291$new_n42_.out[0] (.names)                                0.261     1.326
cout.in[0] (.names)                                              0.100     1.426
cout.out[0] (.names)                                             0.261     1.687
out:cout.outpad[0] (.output)                                     0.238     1.924
data arrival time                                                          1.924

clock virtual_io_clock (rise edge)                               0.000     0.000
clock source latency                                             0.000     0.000
clock uncertainty                                                0.000     0.000
output external delay                                            0.000     0.000
data required time                                                         0.000
--------------------------------------------------------------------------------
data required time                                                         0.000
data arrival time                                                         -1.924
--------------------------------------------------------------------------------
slack (VIOLATED)                                                          -1.924


#Path 3
Startpoint: a[2].inpad[0] (.input clocked by virtual_io_clock)
Endpoint  : out:sum[6].outpad[0] (.output clocked by virtual_io_clock)
Path Type : setup

Point                                                             Incr      Path
--------------------------------------------------------------------------------
clock virtual_io_clock (rise edge)                               0.000     0.000
clock source latency                                             0.000     0.000
input external delay                                             0.000     0.000
a[2].inpad[0] (.input)                                           0.000     0.000
$abc$291$new_n33_.in[2] (.names)                                 0.343     0.343
$abc$291$new_n33_.out[0] (.names)                                0.261     0.604
$abc$291$new_n38_.in[4] (.names)                                 0.100     0.704
$abc$291$new_n38_.out[0] (.names)                                0.261     0.965
sum[6].in[3] (.names)                                            0.262     1.226
sum[6].out[0] (.names)                                           0.261     1.487
out:sum[6].outpad[0] (.output)                                   0.379     1.866
data arrival time                                                          1.866

clock virtual_io_clock (rise edge)                               0.000     0.000
clock source latency                                             0.000     0.000
clock uncertainty                                                0.000     0.000
output external delay                                            0.000     0.000
data required time                                                         0.000
--------------------------------------------------------------------------------
data required time                                                         0.000
data arrival time                                                         -1.866
--------------------------------------------------------------------------------
slack (VIOLATED)                                                          -1.866


#Path 4
Startpoint: a[2].inpad[0] (.input clocked by virtual_io_clock)
Endpoint  : out:sum[5].outpad[0] (.output clocked by virtual_io_clock)
Path Type : setup

Point                                                             Incr      Path
--------------------------------------------------------------------------------
clock virtual_io_clock (rise edge)                               0.000     0.000
clock source latency                                             0.000     0.000
input external delay                                             0.000     0.000
a[2].inpad[0] (.input)                                           0.000     0.000
$abc$291$new_n33_.in[2] (.names)                                 0.343     0.343
$abc$291$new_n33_.out[0] (.names)                                0.261     0.604
$abc$291$new_n38_.in[4] (.names)                                 0.100     0.704
$abc$291$new_n38_.out[0] (.names)                                0.261     0.965
sum[5].in[2] (.names)                                            0.262     1.226
sum[5].out[0] (.names)                                           0.261     1.487
out:sum[5].outpad[0] (.output)                                   0.371     1.858
data arrival time                                                          1.858

clock virtual_io_clock (rise edge)                               0.000     0.000
clock source latency                                             0.000     0.000
clock uncertainty                                                0.000     0.000
output external delay                                            0.000     0.000
data required time                                                         0.000
--------------------------------------------------------------------------------
data required time                                                         0.000
data arrival time                                                         -1.858
--------------------------------------------------------------------------------
slack (VIOLATED)                                                          -1.858


#Path 5
Startpoint: a[2].inpad[0] (.input clocked by virtual_io_clock)
Endpoint  : out:sum[2].outpad[0] (.output clocked by virtual_io_clock)
Path Type : setup

Point                                                             Incr      Path
--------------------------------------------------------------------------------
clock virtual_io_clock (rise edge)                               0.000     0.000
clock source latency                                             0.000     0.000
input external delay                                             0.000     0.000
a[2].inpad[0] (.input)                                           0.000     0.000
$abc$291$new_n31_.in[5] (.names)                                 0.343     0.343
$abc$291$new_n31_.out[0] (.names)                                0.261     0.604
sum[2].in[0] (.names)                                            0.261     0.864
sum[2].out[0] (.names)                                           0.261     1.125
out:sum[2].outpad[0] (.output)                                   0.563     1.688
data arrival time                                                          1.688

clock virtual_io_clock (rise edge)                               0.000     0.000
clock source latency                                             0.000     0.000
clock uncertainty                                                0.000     0.000
output external delay                                            0.000     0.000
data required time                                                         0.000
--------------------------------------------------------------------------------
data required time                                                         0.000
data arrival time                                                         -1.688
--------------------------------------------------------------------------------
slack (VIOLATED)                                                          -1.688


#Path 6
Startpoint: a[2].inpad[0] (.input clocked by virtual_io_clock)
Endpoint  : out:sum[3].outpad[0] (.output clocked by virtual_io_clock)
Path Type : setup

Point                                                             Incr      Path
--------------------------------------------------------------------------------
clock virtual_io_clock (rise edge)                               0.000     0.000
clock source latency                                             0.000     0.000
input external delay                                             0.000     0.000
a[2].inpad[0] (.input)                                           0.000     0.000
$abc$291$new_n33_.in[2] (.names)                                 0.343     0.343
$abc$291$new_n33_.out[0] (.names)                                0.261     0.604
sum[3].in[4] (.names)                                            0.263     0.867
sum[3].out[0] (.names)                                           0.261     1.128
out:sum[3].outpad[0] (.output)                                   0.436     1.563
data arrival time                                                          1.563

clock virtual_io_clock (rise edge)                               0.000     0.000
clock source latency                                             0.000     0.000
clock uncertainty                                                0.000     0.000
output external delay                                            0.000     0.000
data required time                                                         0.000
--------------------------------------------------------------------------------
data required time                                                         0.000
data arrival time                                                         -1.563
--------------------------------------------------------------------------------
slack (VIOLATED)                                                          -1.563


#Path 7
Startpoint: a[2].inpad[0] (.input clocked by virtual_io_clock)
Endpoint  : out:sum[4].outpad[0] (.output clocked by virtual_io_clock)
Path Type : setup

Point                                                             Incr      Path
--------------------------------------------------------------------------------
clock virtual_io_clock (rise edge)                               0.000     0.000
clock source latency                                             0.000     0.000
input external delay                                             0.000     0.000
a[2].inpad[0] (.input)                                           0.000     0.000
$abc$291$new_n33_.in[2] (.names)                                 0.343     0.343
$abc$291$new_n33_.out[0] (.names)                                0.261     0.604
sum[4].in[4] (.names)                                            0.263     0.867
sum[4].out[0] (.names)                                           0.261     1.128
out:sum[4].outpad[0] (.output)                                   0.242     1.369
data arrival time                                                          1.369

clock virtual_io_clock (rise edge)                               0.000     0.000
clock source latency                                             0.000     0.000
clock uncertainty                                                0.000     0.000
output external delay                                            0.000     0.000
data required time                                                         0.000
--------------------------------------------------------------------------------
data required time                                                         0.000
data arrival time                                                         -1.369
--------------------------------------------------------------------------------
slack (VIOLATED)                                                          -1.369


#Path 8
Startpoint: a[1].inpad[0] (.input clocked by virtual_io_clock)
Endpoint  : out:sum[1].outpad[0] (.output clocked by virtual_io_clock)
Path Type : setup

Point                                                             Incr      Path
--------------------------------------------------------------------------------
clock virtual_io_clock (rise edge)                               0.000     0.000
clock source latency                                             0.000     0.000
input external delay                                             0.000     0.000
a[1].inpad[0] (.input)                                           0.000     0.000
sum[1].in[4] (.names)                                            0.535     0.535
sum[1].out[0] (.names)                                           0.261     0.796
out:sum[1].outpad[0] (.output)                                   0.502     1.298
data arrival time                                                          1.298

clock virtual_io_clock (rise edge)                               0.000     0.000
clock source latency                                             0.000     0.000
clock uncertainty                                                0.000     0.000
output external delay                                            0.000     0.000
data required time                                                         0.000
--------------------------------------------------------------------------------
data required time                                                         0.000
data arrival time                                                         -1.298
--------------------------------------------------------------------------------
slack (VIOLATED)                                                          -1.298


#Path 9
Startpoint: a[0].inpad[0] (.input clocked by virtual_io_clock)
Endpoint  : out:sum[0].outpad[0] (.output clocked by virtual_io_clock)
Path Type : setup

Point                                                             Incr      Path
--------------------------------------------------------------------------------
clock virtual_io_clock (rise edge)                               0.000     0.000
clock source latency                                             0.000     0.000
input external delay                                             0.000     0.000
a[0].inpad[0] (.input)                                           0.000     0.000
sum[0].in[2] (.names)                                            0.476     0.476
sum[0].out[0] (.names)                                           0.261     0.737
out:sum[0].outpad[0] (.output)                                   0.374     1.111
data arrival time                                                          1.111

clock virtual_io_clock (rise edge)                               0.000     0.000
clock source latency                                             0.000     0.000
clock uncertainty                                                0.000     0.000
output external delay                                            0.000     0.000
data required time                                                         0.000
--------------------------------------------------------------------------------
data required time                                                         0.000
data arrival time                                                         -1.111
--------------------------------------------------------------------------------
slack (VIOLATED)                                                          -1.111


#End of timing report
